/home/studenti/famnit/89231130/sistemi3/meds-schedule/backend/index.js:26
app.use(express.static(path.join(__dirname, "build"))); 
                       ^

ReferenceError: path is not defined
    at Object.<anonymous> (/home/studenti/famnit/89231130/sistemi3/meds-schedule/backend/index.js:26:24)
    at Module._compile (node:internal/modules/cjs/loader:1529:14)
    at Module._extensions..js (node:internal/modules/cjs/loader:1613:10)
    at Module.load (node:internal/modules/cjs/loader:1275:32)
    at Module._load (node:internal/modules/cjs/loader:1096:12)
    at Function.executeUserEntryPoint [as runMain] (node:internal/modules/run_main:164:12)
    at node:internal/main/run_main_module:28:49

Node.js v20.19.1
/home/studenti/famnit/89231130/sistemi3/meds-schedule/backend/index.js:26
app.use(express.static(path.join(__dirname, "build"))); 
                       ^

ReferenceError: path is not defined
    at Object.<anonymous> (/home/studenti/famnit/89231130/sistemi3/meds-schedule/backend/index.js:26:24)
    at Module._compile (node:internal/modules/cjs/loader:1529:14)
    at Module._extensions..js (node:internal/modules/cjs/loader:1613:10)
    at Module.load (node:internal/modules/cjs/loader:1275:32)
    at Module._load (node:internal/modules/cjs/loader:1096:12)
    at Function.executeUserEntryPoint [as runMain] (node:internal/modules/run_main:164:12)
    at node:internal/main/run_main_module:28:49

Node.js v20.19.1
Server is listening on http://88.200.63.148:9999/
DB: Connection established!
Server is listening on http://88.200.63.148:9999/
DB: Connection established!
